Loading rhel8/default-icl
  Loading requirement: dot rhel8/slurm singularity/current rhel8/global
    cuda/11.4 intel/compilers/2020.2 intel/mkl/2020.2 intel/impi/2020.2/intel
    intel/libs/idb/2020.2 intel/libs/tbb/2020.2 intel/libs/ipp/2020.2
    intel/libs/daal/2020.2 intel/bundles/complib/2020.2
2022-05-17 18:37:17.459489: I tensorflow/stream_executor/platform/default/dso_loader.cc:49] Successfully opened dynamic library libcudart.so.11.0
INFO:absl:MUJOCO_GL is not set, so an OpenGL backend will be chosen automatically.
/rds/user/ajc348/hpc-work/softlearning/.venv/lib/python3.8/site-packages/glfw/__init__.py:834: GLFWError: (65544) b'X11: The DISPLAY environment variable is missing'
  warnings.warn(message, GLFWError)
INFO:absl:Successfully imported OpenGL backend: glfw
INFO:absl:MuJoCo library version is: 200
[2m[36m(pid=283289)[0m 2022-05-17 18:38:43.423859: I tensorflow/stream_executor/platform/default/dso_loader.cc:49] Successfully opened dynamic library libcudart.so.11.0
[2m[36m(pid=283289)[0m /rds/user/ajc348/hpc-work/softlearning/.venv/lib/python3.8/site-packages/glfw/__init__.py:834: GLFWError: (65544) b'X11: The DISPLAY environment variable is missing'
[2m[36m(pid=283289)[0m   warnings.warn(message, GLFWError)
[2m[36m(pid=283289)[0m 2022-05-17 18:38:55.880800: I tensorflow/stream_executor/platform/default/dso_loader.cc:49] Successfully opened dynamic library libcuda.so.1
[2m[36m(pid=283289)[0m 2022-05-17 18:38:56.261952: E tensorflow/stream_executor/cuda/cuda_driver.cc:328] failed call to cuInit: CUDA_ERROR_NO_DEVICE: no CUDA-capable device is detected
[2m[36m(pid=283289)[0m 2022-05-17 18:38:56.265240: I tensorflow/stream_executor/cuda/cuda_diagnostics.cc:156] kernel driver does not appear to be running on this host (cpu-q-259): /proc/driver/nvidia/version does not exist
[2m[36m(pid=283289)[0m 2022-05-17 18:38:56.519394: I tensorflow/core/platform/cpu_feature_guard.cc:142] This TensorFlow binary is optimized with oneAPI Deep Neural Network Library (oneDNN) to use the following CPU instructions in performance-critical operations:  AVX2 AVX512F FMA
[2m[36m(pid=283289)[0m To enable them in other operations, rebuild TensorFlow with the appropriate compiler flags.
[2m[36m(pid=283289)[0m 2022-05-17 18:38:56.847186: I tensorflow/core/platform/profile_utils/cpu_utils.cc:112] CPU Frequency: 2600000000 Hz
[2m[36m(pid=283289)[0m 2022-05-17 18:38:56.881934: I tensorflow/compiler/xla/service/service.cc:168] XLA service 0x557623a448e0 initialized for platform Host (this does not guarantee that XLA will be used). Devices:
[2m[36m(pid=283289)[0m 2022-05-17 18:38:56.881998: I tensorflow/compiler/xla/service/service.cc:176]   StreamExecutor device (0): Host, Default Version
[2m[36m(pid=283289)[0m 2022-05-17 18:38:57.833307: I tensorflow/compiler/mlir/mlir_graph_optimization_pass.cc:116] None of the MLIR optimization passes are enabled (registered 2)
2022-05-18 02:14:29,731	INFO logger.py:688 -- Removed the following hyperparameter values when logging to tensorboard: {'exploration_policy_params/config/observation_keys': None}
2022-05-18 02:14:29,943	INFO tune.py:450 -- Total run time: 27347.67 seconds (27346.84 seconds for the tuning loop).
